ERROR  | wrapper  | 2023/12/09 13:15:13 | CreateService failed - Le service spécifié existe déjà. (0x431)
STATUS | wrapper  | 2023/12/09 13:15:21 | --> Wrapper Started as Console
STATUS | wrapper  | 2023/12/09 13:15:21 | Launching a JVM...
INFO   | jvm 1    | 2023/12/09 13:15:21 | Wrapper (Version 3.2.3) http://wrapper.tanukisoftware.org
INFO   | jvm 1    | 2023/12/09 13:15:21 |   Copyright 1999-2006 Tanuki Software, Inc.  All Rights Reserved.
INFO   | jvm 1    | 2023/12/09 13:15:21 | 
INFO   | jvm 1    | 2023/12/09 13:15:21 | 
INFO   | jvm 1    | 2023/12/09 13:15:21 | WARNING - Unable to load the Wrapper's native library 'wrapper.dll'.
INFO   | jvm 1    | 2023/12/09 13:15:21 |           The file is located on the path at the following location but
INFO   | jvm 1    | 2023/12/09 13:15:21 |           could not be loaded:
INFO   | jvm 1    | 2023/12/09 13:15:21 |             C:\Users\Julien\Documents\POLYTECH\COURS\S7\MIDDLEWARE\LetsGo_Biking\apache-activemq-5.17.0\bin\win32\..\..\bin\win32\wrapper.dll
INFO   | jvm 1    | 2023/12/09 13:15:21 |           Please verify that the file is readable by the current user
INFO   | jvm 1    | 2023/12/09 13:15:21 |           and that the file has not been corrupted in any way.
INFO   | jvm 1    | 2023/12/09 13:15:21 |           One common cause of this problem is running a 32-bit version
INFO   | jvm 1    | 2023/12/09 13:15:21 |           of the Wrapper with a 64-bit version of Java, or vica versa.
INFO   | jvm 1    | 2023/12/09 13:15:21 |           This is a 64-bit JVM.
INFO   | jvm 1    | 2023/12/09 13:15:21 |           Reported cause:
INFO   | jvm 1    | 2023/12/09 13:15:21 |             C:\Users\Julien\Documents\POLYTECH\COURS\S7\MIDDLEWARE\LetsGo_Biking\apache-activemq-5.17.0\bin\win32\wrapper.dll: Can't load IA 32-bit .dll on a AMD 64-bit platform
INFO   | jvm 1    | 2023/12/09 13:15:21 |           System signals will not be handled correctly.
INFO   | jvm 1    | 2023/12/09 13:15:21 | 
INFO   | jvm 1    | 2023/12/09 13:15:21 | Java Runtime: Amazon.com Inc. 17.0.8.1 C:\Users\Julien\.jdks\corretto-17.0.8.1
INFO   | jvm 1    | 2023/12/09 13:15:21 |   Heap sizes: current=1048576k  free=1037312k  max=1048576k
INFO   | jvm 1    | 2023/12/09 13:15:21 |     JVM args: -Dactivemq.home=../.. -Dactivemq.base=../.. -Djavax.net.ssl.keyStorePassword=password -Djavax.net.ssl.trustStorePassword=password -Djavax.net.ssl.keyStore=../../conf/broker.ks -Djavax.net.ssl.trustStore=../../conf/broker.ts -Dcom.sun.management.jmxremote -Dorg.apache.activemq.UseDedicatedTaskRunner=false -Djava.util.logging.config.file=logging.properties -Dactivemq.conf=../../conf -Dactivemq.data=../../data -Djava.security.auth.login.config=../../conf/login.config -Xms1024m -Xmx1024m -Djava.library.path=../../bin/win32 -Dwrapper.key=3Bm16nq4jOUI4KvD -Dwrapper.port=32000 -Dwrapper.jvm.port.min=31000 -Dwrapper.jvm.port.max=31999 -Dwrapper.pid=34380 -Dwrapper.version=3.2.3 -Dwrapper.native_library=wrapper -Dwrapper.cpu.timeout=10 -Dwrapper.jvmid=1
INFO   | jvm 1    | 2023/12/09 13:15:21 | Extensions classpath:
INFO   | jvm 1    | 2023/12/09 13:15:21 |   [..\..\lib,..\..\lib\camel,..\..\lib\optional,..\..\lib\web,..\..\lib\extra]
INFO   | jvm 1    | 2023/12/09 13:15:21 | ACTIVEMQ_HOME: ..\..
INFO   | jvm 1    | 2023/12/09 13:15:21 | ACTIVEMQ_BASE: ..\..
INFO   | jvm 1    | 2023/12/09 13:15:21 | ACTIVEMQ_CONF: ..\..\conf
INFO   | jvm 1    | 2023/12/09 13:15:21 | ACTIVEMQ_DATA: ..\..\data
INFO   | jvm 1    | 2023/12/09 13:15:22 | Loading message broker from: xbean:activemq.xml
INFO   | jvm 1    | 2023/12/09 13:15:22 |  INFO | Using Persistence Adapter: KahaDBPersistenceAdapter[C:\Users\Julien\Documents\POLYTECH\COURS\S7\MIDDLEWARE\LetsGo_Biking\apache-activemq-5.17.0\bin\win32\..\..\data\kahadb]
INFO   | jvm 1    | 2023/12/09 13:15:22 |  INFO | Page File: ..\..\data\kahadb\db.data. Recovering pageFile free list due to prior unclean shutdown..
INFO   | jvm 1    | 2023/12/09 13:15:22 |  INFO | KahaDB is version 7
INFO   | jvm 1    | 2023/12/09 13:15:22 |  INFO | Page File: ..\..\data\kahadb\db.data. Recovered pageFile free list of size: 0
INFO   | jvm 1    | 2023/12/09 13:15:23 |  INFO | PListStore:[C:\Users\Julien\Documents\POLYTECH\COURS\S7\MIDDLEWARE\LetsGo_Biking\apache-activemq-5.17.0\bin\win32\..\..\data\localhost\tmp_storage] started
INFO   | jvm 1    | 2023/12/09 13:15:23 |  INFO | Apache ActiveMQ 5.17.0 (localhost, ID:LEGION-JULIEN-10368-1702124123037-0:1) is starting
INFO   | jvm 1    | 2023/12/09 13:15:23 |  INFO | Listening for connections at: tcp://LEGION-JULIEN:61616?maximumConnections=1000&wireFormat.maxFrameSize=104857600
INFO   | jvm 1    | 2023/12/09 13:15:23 |  INFO | Connector openwire started
INFO   | jvm 1    | 2023/12/09 13:15:23 |  INFO | Listening for connections at: amqp://LEGION-JULIEN:5672?maximumConnections=1000&wireFormat.maxFrameSize=104857600
INFO   | jvm 1    | 2023/12/09 13:15:23 |  INFO | Connector amqp started
INFO   | jvm 1    | 2023/12/09 13:15:23 |  INFO | Listening for connections at: stomp://LEGION-JULIEN:61613?maximumConnections=1000&wireFormat.maxFrameSize=104857600
INFO   | jvm 1    | 2023/12/09 13:15:23 |  INFO | Connector stomp started
INFO   | jvm 1    | 2023/12/09 13:15:23 |  INFO | Listening for connections at: mqtt://LEGION-JULIEN:1883?maximumConnections=1000&wireFormat.maxFrameSize=104857600
INFO   | jvm 1    | 2023/12/09 13:15:23 |  INFO | Connector mqtt started
INFO   | jvm 1    | 2023/12/09 13:15:23 |  INFO | Starting Jetty server
INFO   | jvm 1    | 2023/12/09 13:15:23 |  INFO | Creating Jetty connector
INFO   | jvm 1    | 2023/12/09 13:15:23 |  WARN | ServletContext@o.e.j.s.ServletContextHandler@1b863a87{/,null,STARTING} has uncovered http methods for path: /
INFO   | jvm 1    | 2023/12/09 13:15:23 |  INFO | Listening for connections at ws://LEGION-JULIEN:61614?maximumConnections=1000&wireFormat.maxFrameSize=104857600
INFO   | jvm 1    | 2023/12/09 13:15:23 |  INFO | Connector ws started
INFO   | jvm 1    | 2023/12/09 13:15:23 |  INFO | Apache ActiveMQ 5.17.0 (localhost, ID:LEGION-JULIEN-10368-1702124123037-0:1) started
INFO   | jvm 1    | 2023/12/09 13:15:23 |  INFO | For help or more information please see: http://activemq.apache.org
INFO   | jvm 1    | 2023/12/09 13:15:24 |  INFO | ActiveMQ WebConsole available at http://127.0.0.1:8161/
INFO   | jvm 1    | 2023/12/09 13:15:24 |  INFO | ActiveMQ Jolokia REST API available at http://127.0.0.1:8161/api/jolokia/
STATUS | wrapper  | 2023/12/09 16:18:56 | --> Wrapper Started as Console
STATUS | wrapper  | 2023/12/09 16:18:57 | Launching a JVM...
INFO   | jvm 1    | 2023/12/09 16:18:57 | Wrapper (Version 3.2.3) http://wrapper.tanukisoftware.org
INFO   | jvm 1    | 2023/12/09 16:18:57 |   Copyright 1999-2006 Tanuki Software, Inc.  All Rights Reserved.
INFO   | jvm 1    | 2023/12/09 16:18:57 | 
INFO   | jvm 1    | 2023/12/09 16:18:57 | Java Runtime: Amazon.com Inc. 17.0.8.1 C:\Users\Julien\.jdks\corretto-17.0.8.1
INFO   | jvm 1    | 2023/12/09 16:18:57 |   Heap sizes: current=1048576k  free=1037312k  max=1048576k
INFO   | jvm 1    | 2023/12/09 16:18:57 |     JVM args: -Dactivemq.home=../.. -Dactivemq.base=../.. -Djavax.net.ssl.keyStorePassword=password -Djavax.net.ssl.trustStorePassword=password -Djavax.net.ssl.keyStore=../../conf/broker.ks -Djavax.net.ssl.trustStore=../../conf/broker.ts -Dcom.sun.management.jmxremote -Dorg.apache.activemq.UseDedicatedTaskRunner=false -Djava.util.logging.config.file=logging.properties -Dactivemq.conf=../../conf -Dactivemq.data=../../data -Djava.security.auth.login.config=../../conf/login.config -Xms1024m -Xmx1024m -Djava.library.path=../../bin/win64 -Dwrapper.key=MPPANM8fzzrxwPmq -Dwrapper.port=32000 -Dwrapper.jvm.port.min=31000 -Dwrapper.jvm.port.max=31999 -Dwrapper.pid=34960 -Dwrapper.version=3.2.3 -Dwrapper.native_library=wrapper -Dwrapper.cpu.timeout=10 -Dwrapper.jvmid=1
INFO   | jvm 1    | 2023/12/09 16:18:57 | Extensions classpath:
INFO   | jvm 1    | 2023/12/09 16:18:57 |   [..\..\lib,..\..\lib\camel,..\..\lib\optional,..\..\lib\web,..\..\lib\extra]
INFO   | jvm 1    | 2023/12/09 16:18:57 | ACTIVEMQ_HOME: ..\..
INFO   | jvm 1    | 2023/12/09 16:18:57 | ACTIVEMQ_BASE: ..\..
INFO   | jvm 1    | 2023/12/09 16:18:57 | ACTIVEMQ_CONF: ..\..\conf
INFO   | jvm 1    | 2023/12/09 16:18:57 | ACTIVEMQ_DATA: ..\..\data
INFO   | jvm 1    | 2023/12/09 16:18:58 | Loading message broker from: xbean:activemq.xml
INFO   | jvm 1    | 2023/12/09 16:18:58 |  INFO | Using Persistence Adapter: KahaDBPersistenceAdapter[C:\Users\Julien\Documents\POLYTECH\COURS\S7\MIDDLEWARE\LetsGo_Biking\apache-activemq-5.17.0\bin\win64\..\..\data\kahadb]
INFO   | jvm 1    | 2023/12/09 16:18:59 |  INFO | Page File: ..\..\data\kahadb\db.data. Recovering pageFile free list due to prior unclean shutdown..
INFO   | jvm 1    | 2023/12/09 16:18:59 |  INFO | KahaDB is version 7
INFO   | jvm 1    | 2023/12/09 16:18:59 |  INFO | Page File: ..\..\data\kahadb\db.data. Recovered pageFile free list of size: 0
INFO   | jvm 1    | 2023/12/09 16:18:59 |  INFO | PListStore:[C:\Users\Julien\Documents\POLYTECH\COURS\S7\MIDDLEWARE\LetsGo_Biking\apache-activemq-5.17.0\bin\win64\..\..\data\localhost\tmp_storage] started
INFO   | jvm 1    | 2023/12/09 16:18:59 |  INFO | Apache ActiveMQ 5.17.0 (localhost, ID:LEGION-JULIEN-13648-1702135139205-0:1) is starting
INFO   | jvm 1    | 2023/12/09 16:18:59 |  INFO | Listening for connections at: tcp://LEGION-JULIEN:61616?maximumConnections=1000&wireFormat.maxFrameSize=104857600
INFO   | jvm 1    | 2023/12/09 16:18:59 |  INFO | Connector openwire started
INFO   | jvm 1    | 2023/12/09 16:18:59 |  INFO | Listening for connections at: amqp://LEGION-JULIEN:5672?maximumConnections=1000&wireFormat.maxFrameSize=104857600
INFO   | jvm 1    | 2023/12/09 16:18:59 |  INFO | Connector amqp started
INFO   | jvm 1    | 2023/12/09 16:18:59 |  INFO | Listening for connections at: stomp://LEGION-JULIEN:61613?maximumConnections=1000&wireFormat.maxFrameSize=104857600
INFO   | jvm 1    | 2023/12/09 16:18:59 |  INFO | Connector stomp started
INFO   | jvm 1    | 2023/12/09 16:18:59 |  INFO | Listening for connections at: mqtt://LEGION-JULIEN:1883?maximumConnections=1000&wireFormat.maxFrameSize=104857600
INFO   | jvm 1    | 2023/12/09 16:18:59 |  INFO | Connector mqtt started
INFO   | jvm 1    | 2023/12/09 16:18:59 |  INFO | Starting Jetty server
INFO   | jvm 1    | 2023/12/09 16:18:59 |  INFO | Creating Jetty connector
INFO   | jvm 1    | 2023/12/09 16:18:59 |  WARN | ServletContext@o.e.j.s.ServletContextHandler@690aaed4{/,null,STARTING} has uncovered http methods for path: /
INFO   | jvm 1    | 2023/12/09 16:18:59 |  INFO | Listening for connections at ws://LEGION-JULIEN:61614?maximumConnections=1000&wireFormat.maxFrameSize=104857600
INFO   | jvm 1    | 2023/12/09 16:18:59 |  INFO | Connector ws started
INFO   | jvm 1    | 2023/12/09 16:18:59 |  INFO | Apache ActiveMQ 5.17.0 (localhost, ID:LEGION-JULIEN-13648-1702135139205-0:1) started
INFO   | jvm 1    | 2023/12/09 16:18:59 |  INFO | For help or more information please see: http://activemq.apache.org
INFO   | jvm 1    | 2023/12/09 16:19:00 |  INFO | ActiveMQ WebConsole available at http://127.0.0.1:8161/
INFO   | jvm 1    | 2023/12/09 16:19:00 |  INFO | ActiveMQ Jolokia REST API available at http://127.0.0.1:8161/api/jolokia/
INFO   | jvm 1    | 2023/12/09 16:22:24 |  INFO | Connector vm://localhost started
INFO   | jvm 1    | 2023/12/09 16:53:49 |  INFO | Connector vm://localhost stopped
INFO   | jvm 1    | 2023/12/09 16:53:58 |  INFO | Connector vm://localhost started
INFO   | jvm 1    | 2023/12/09 17:25:00 |  INFO | Connector vm://localhost stopped
INFO   | jvm 1    | 2023/12/09 18:33:26 |  INFO | Connector vm://localhost started
INFO   | jvm 1    | 2023/12/09 19:37:00 |  INFO | Connector vm://localhost stopped
INFO   | jvm 1    | 2023/12/09 19:51:03 |  WARN | Transport Connection to: tcp://169.254.123.238:21965 failed: Channel was inactive for too (>30000) long: tcp://169.254.123.238:21965
STATUS | wrapper  | 2023/12/09 22:17:14 | CTRL-C trapped.  Shutting down.
INFO   | jvm 1    | 2023/12/09 22:17:16 |  INFO | Apache ActiveMQ 5.17.0 (localhost, ID:LEGION-JULIEN-13648-1702135139205-0:1) is shutting down
INFO   | jvm 1    | 2023/12/09 22:17:16 |  INFO | Connector openwire stopped
INFO   | jvm 1    | 2023/12/09 22:17:16 |  INFO | Connector amqp stopped
INFO   | jvm 1    | 2023/12/09 22:17:16 |  INFO | Connector stomp stopped
INFO   | jvm 1    | 2023/12/09 22:17:16 |  INFO | Connector mqtt stopped
INFO   | jvm 1    | 2023/12/09 22:17:16 |  INFO | Connector ws stopped
INFO   | jvm 1    | 2023/12/09 22:17:16 |  INFO | PListStore:[C:\Users\Julien\Documents\POLYTECH\COURS\S7\MIDDLEWARE\LetsGo_Biking\apache-activemq-5.17.0\bin\win64\..\..\data\localhost\tmp_storage] stopped
INFO   | jvm 1    | 2023/12/09 22:17:16 |  INFO | Stopping async queue tasks
INFO   | jvm 1    | 2023/12/09 22:17:16 |  INFO | Stopping async topic tasks
INFO   | jvm 1    | 2023/12/09 22:17:16 |  INFO | Stopped KahaDB
INFO   | jvm 1    | 2023/12/09 22:17:16 |  INFO | Apache ActiveMQ 5.17.0 (localhost, ID:LEGION-JULIEN-13648-1702135139205-0:1) uptime 5 hours 58 minutes
INFO   | jvm 1    | 2023/12/09 22:17:16 |  INFO | Apache ActiveMQ 5.17.0 (localhost, ID:LEGION-JULIEN-13648-1702135139205-0:1) is shutdown
STATUS | wrapper  | 2023/12/09 22:17:17 | <-- Wrapper Stopped
STATUS | wrapper  | 2023/12/09 22:37:49 | --> Wrapper Started as Console
STATUS | wrapper  | 2023/12/09 22:37:49 | Launching a JVM...
INFO   | jvm 1    | 2023/12/09 22:37:50 | Wrapper (Version 3.2.3) http://wrapper.tanukisoftware.org
INFO   | jvm 1    | 2023/12/09 22:37:50 |   Copyright 1999-2006 Tanuki Software, Inc.  All Rights Reserved.
INFO   | jvm 1    | 2023/12/09 22:37:50 | 
INFO   | jvm 1    | 2023/12/09 22:37:50 | Java Runtime: Amazon.com Inc. 17.0.8.1 C:\Users\Julien\.jdks\corretto-17.0.8.1
INFO   | jvm 1    | 2023/12/09 22:37:50 |   Heap sizes: current=1048576k  free=1037312k  max=1048576k
INFO   | jvm 1    | 2023/12/09 22:37:50 |     JVM args: -Dactivemq.home=../.. -Dactivemq.base=../.. -Djavax.net.ssl.keyStorePassword=password -Djavax.net.ssl.trustStorePassword=password -Djavax.net.ssl.keyStore=../../conf/broker.ks -Djavax.net.ssl.trustStore=../../conf/broker.ts -Dcom.sun.management.jmxremote -Dorg.apache.activemq.UseDedicatedTaskRunner=false -Djava.util.logging.config.file=logging.properties -Dactivemq.conf=../../conf -Dactivemq.data=../../data -Djava.security.auth.login.config=../../conf/login.config -Xms1024m -Xmx1024m -Djava.library.path=../../bin/win64 -Dwrapper.key=5SQf1iis1kJ8Usbw -Dwrapper.port=32000 -Dwrapper.jvm.port.min=31000 -Dwrapper.jvm.port.max=31999 -Dwrapper.pid=9440 -Dwrapper.version=3.2.3 -Dwrapper.native_library=wrapper -Dwrapper.cpu.timeout=10 -Dwrapper.jvmid=1
INFO   | jvm 1    | 2023/12/09 22:37:50 | Extensions classpath:
INFO   | jvm 1    | 2023/12/09 22:37:50 |   [..\..\lib,..\..\lib\camel,..\..\lib\optional,..\..\lib\web,..\..\lib\extra]
INFO   | jvm 1    | 2023/12/09 22:37:50 | ACTIVEMQ_HOME: ..\..
INFO   | jvm 1    | 2023/12/09 22:37:50 | ACTIVEMQ_BASE: ..\..
INFO   | jvm 1    | 2023/12/09 22:37:50 | ACTIVEMQ_CONF: ..\..\conf
INFO   | jvm 1    | 2023/12/09 22:37:50 | ACTIVEMQ_DATA: ..\..\data
INFO   | jvm 1    | 2023/12/09 22:37:54 | Loading message broker from: xbean:activemq.xml
INFO   | jvm 1    | 2023/12/09 22:37:54 |  INFO | Using Persistence Adapter: KahaDBPersistenceAdapter[C:\Users\Julien\Documents\POLYTECH\COURS\S7\MIDDLEWARE\LetsGo_Biking\apache-activemq-5.17.0\bin\win64\..\..\data\kahadb]
INFO   | jvm 1    | 2023/12/09 22:37:55 |  INFO | KahaDB is version 7
INFO   | jvm 1    | 2023/12/09 22:37:55 |  INFO | Recovering from the journal @1:1810
INFO   | jvm 1    | 2023/12/09 22:37:55 |  INFO | Recovery replayed 86 operations from the journal in 0.058 seconds.
INFO   | jvm 1    | 2023/12/09 22:37:55 |  INFO | PListStore:[C:\Users\Julien\Documents\POLYTECH\COURS\S7\MIDDLEWARE\LetsGo_Biking\apache-activemq-5.17.0\bin\win64\..\..\data\localhost\tmp_storage] started
INFO   | jvm 1    | 2023/12/09 22:37:55 |  INFO | Apache ActiveMQ 5.17.0 (localhost, ID:LEGION-JULIEN-24400-1702157875171-0:1) is starting
INFO   | jvm 1    | 2023/12/09 22:37:55 |  INFO | Listening for connections at: tcp://LEGION-JULIEN:61616?maximumConnections=1000&wireFormat.maxFrameSize=104857600
INFO   | jvm 1    | 2023/12/09 22:37:55 |  INFO | Connector openwire started
INFO   | jvm 1    | 2023/12/09 22:37:55 |  INFO | Listening for connections at: amqp://LEGION-JULIEN:5672?maximumConnections=1000&wireFormat.maxFrameSize=104857600
INFO   | jvm 1    | 2023/12/09 22:37:55 |  INFO | Connector amqp started
INFO   | jvm 1    | 2023/12/09 22:37:55 |  INFO | Listening for connections at: stomp://LEGION-JULIEN:61613?maximumConnections=1000&wireFormat.maxFrameSize=104857600
INFO   | jvm 1    | 2023/12/09 22:37:55 |  INFO | Connector stomp started
INFO   | jvm 1    | 2023/12/09 22:37:55 |  INFO | Listening for connections at: mqtt://LEGION-JULIEN:1883?maximumConnections=1000&wireFormat.maxFrameSize=104857600
INFO   | jvm 1    | 2023/12/09 22:37:55 |  INFO | Connector mqtt started
INFO   | jvm 1    | 2023/12/09 22:37:55 |  INFO | Starting Jetty server
INFO   | jvm 1    | 2023/12/09 22:37:55 |  INFO | Creating Jetty connector
INFO   | jvm 1    | 2023/12/09 22:37:55 |  WARN | ServletContext@o.e.j.s.ServletContextHandler@5d73ecc5{/,null,STARTING} has uncovered http methods for path: /
INFO   | jvm 1    | 2023/12/09 22:37:55 |  INFO | Listening for connections at ws://LEGION-JULIEN:61614?maximumConnections=1000&wireFormat.maxFrameSize=104857600
INFO   | jvm 1    | 2023/12/09 22:37:55 |  INFO | Connector ws started
INFO   | jvm 1    | 2023/12/09 22:37:55 |  INFO | Apache ActiveMQ 5.17.0 (localhost, ID:LEGION-JULIEN-24400-1702157875171-0:1) started
INFO   | jvm 1    | 2023/12/09 22:37:55 |  INFO | For help or more information please see: http://activemq.apache.org
INFO   | jvm 1    | 2023/12/09 22:37:56 |  INFO | ActiveMQ WebConsole available at http://127.0.0.1:8161/
INFO   | jvm 1    | 2023/12/09 22:37:56 |  INFO | ActiveMQ Jolokia REST API available at http://127.0.0.1:8161/api/jolokia/
STATUS | wrapper  | 2023/12/09 22:41:28 | CTRL-C trapped.  Shutting down.
INFO   | jvm 1    | 2023/12/09 22:41:30 |  INFO | Apache ActiveMQ 5.17.0 (localhost, ID:LEGION-JULIEN-24400-1702157875171-0:1) is shutting down
INFO   | jvm 1    | 2023/12/09 22:41:30 |  INFO | Connector openwire stopped
INFO   | jvm 1    | 2023/12/09 22:41:30 |  INFO | Connector amqp stopped
INFO   | jvm 1    | 2023/12/09 22:41:30 |  INFO | Connector stomp stopped
INFO   | jvm 1    | 2023/12/09 22:41:30 |  INFO | Connector mqtt stopped
INFO   | jvm 1    | 2023/12/09 22:41:30 |  INFO | Connector ws stopped
INFO   | jvm 1    | 2023/12/09 22:41:30 |  INFO | PListStore:[C:\Users\Julien\Documents\POLYTECH\COURS\S7\MIDDLEWARE\LetsGo_Biking\apache-activemq-5.17.0\bin\win64\..\..\data\localhost\tmp_storage] stopped
INFO   | jvm 1    | 2023/12/09 22:41:30 |  INFO | Stopping async queue tasks
INFO   | jvm 1    | 2023/12/09 22:41:30 |  INFO | Stopping async topic tasks
INFO   | jvm 1    | 2023/12/09 22:41:30 |  INFO | Stopped KahaDB
INFO   | jvm 1    | 2023/12/09 22:41:30 |  INFO | Apache ActiveMQ 5.17.0 (localhost, ID:LEGION-JULIEN-24400-1702157875171-0:1) uptime 3 minutes
INFO   | jvm 1    | 2023/12/09 22:41:30 |  INFO | Apache ActiveMQ 5.17.0 (localhost, ID:LEGION-JULIEN-24400-1702157875171-0:1) is shutdown
STATUS | wrapper  | 2023/12/09 22:41:30 | <-- Wrapper Stopped
STATUS | wrapper  | 2023/12/09 22:42:32 | --> Wrapper Started as Console
STATUS | wrapper  | 2023/12/09 22:42:32 | Launching a JVM...
INFO   | jvm 1    | 2023/12/09 22:42:33 | Wrapper (Version 3.2.3) http://wrapper.tanukisoftware.org
INFO   | jvm 1    | 2023/12/09 22:42:33 |   Copyright 1999-2006 Tanuki Software, Inc.  All Rights Reserved.
INFO   | jvm 1    | 2023/12/09 22:42:33 | 
INFO   | jvm 1    | 2023/12/09 22:42:33 | Java Runtime: Amazon.com Inc. 17.0.8.1 C:\Users\Julien\.jdks\corretto-17.0.8.1
INFO   | jvm 1    | 2023/12/09 22:42:33 |   Heap sizes: current=1048576k  free=1037312k  max=1048576k
INFO   | jvm 1    | 2023/12/09 22:42:33 |     JVM args: -Dactivemq.home=../.. -Dactivemq.base=../.. -Djavax.net.ssl.keyStorePassword=password -Djavax.net.ssl.trustStorePassword=password -Djavax.net.ssl.keyStore=../../conf/broker.ks -Djavax.net.ssl.trustStore=../../conf/broker.ts -Dcom.sun.management.jmxremote -Dorg.apache.activemq.UseDedicatedTaskRunner=false -Djava.util.logging.config.file=logging.properties -Dactivemq.conf=../../conf -Dactivemq.data=../../data -Djava.security.auth.login.config=../../conf/login.config -Xms1024m -Xmx1024m -Djava.library.path=../../bin/win64 -Dwrapper.key=I_EqC0Z28QLrcw64 -Dwrapper.port=32000 -Dwrapper.jvm.port.min=31000 -Dwrapper.jvm.port.max=31999 -Dwrapper.pid=30076 -Dwrapper.version=3.2.3 -Dwrapper.native_library=wrapper -Dwrapper.cpu.timeout=10 -Dwrapper.jvmid=1
INFO   | jvm 1    | 2023/12/09 22:42:33 | Extensions classpath:
INFO   | jvm 1    | 2023/12/09 22:42:33 |   [..\..\lib,..\..\lib\camel,..\..\lib\optional,..\..\lib\web,..\..\lib\extra]
INFO   | jvm 1    | 2023/12/09 22:42:33 | ACTIVEMQ_HOME: ..\..
INFO   | jvm 1    | 2023/12/09 22:42:33 | ACTIVEMQ_BASE: ..\..
INFO   | jvm 1    | 2023/12/09 22:42:33 | ACTIVEMQ_CONF: ..\..\conf
INFO   | jvm 1    | 2023/12/09 22:42:33 | ACTIVEMQ_DATA: ..\..\data
INFO   | jvm 1    | 2023/12/09 22:42:33 | Loading message broker from: xbean:activemq.xml
INFO   | jvm 1    | 2023/12/09 22:42:34 |  INFO | Using Persistence Adapter: KahaDBPersistenceAdapter[C:\Users\Julien\Documents\POLYTECH\COURS\S7\MIDDLEWARE\LetsGo_Biking\apache-activemq-5.17.0\bin\win64\..\..\data\kahadb]
INFO   | jvm 1    | 2023/12/09 22:42:34 |  INFO | KahaDB is version 7
INFO   | jvm 1    | 2023/12/09 22:42:34 |  INFO | PListStore:[C:\Users\Julien\Documents\POLYTECH\COURS\S7\MIDDLEWARE\LetsGo_Biking\apache-activemq-5.17.0\bin\win64\..\..\data\localhost\tmp_storage] started
INFO   | jvm 1    | 2023/12/09 22:42:34 |  INFO | Apache ActiveMQ 5.17.0 (localhost, ID:LEGION-JULIEN-24513-1702158154633-0:1) is starting
INFO   | jvm 1    | 2023/12/09 22:42:34 |  INFO | Listening for connections at: tcp://LEGION-JULIEN:61616?maximumConnections=1000&wireFormat.maxFrameSize=104857600
INFO   | jvm 1    | 2023/12/09 22:42:34 |  INFO | Connector openwire started
INFO   | jvm 1    | 2023/12/09 22:42:34 |  INFO | Listening for connections at: amqp://LEGION-JULIEN:5672?maximumConnections=1000&wireFormat.maxFrameSize=104857600
INFO   | jvm 1    | 2023/12/09 22:42:34 |  INFO | Connector amqp started
INFO   | jvm 1    | 2023/12/09 22:42:34 |  INFO | Listening for connections at: stomp://LEGION-JULIEN:61613?maximumConnections=1000&wireFormat.maxFrameSize=104857600
INFO   | jvm 1    | 2023/12/09 22:42:34 |  INFO | Connector stomp started
INFO   | jvm 1    | 2023/12/09 22:42:34 |  INFO | Listening for connections at: mqtt://LEGION-JULIEN:1883?maximumConnections=1000&wireFormat.maxFrameSize=104857600
INFO   | jvm 1    | 2023/12/09 22:42:34 |  INFO | Connector mqtt started
INFO   | jvm 1    | 2023/12/09 22:42:34 |  INFO | Starting Jetty server
INFO   | jvm 1    | 2023/12/09 22:42:34 |  INFO | Creating Jetty connector
INFO   | jvm 1    | 2023/12/09 22:42:35 |  WARN | ServletContext@o.e.j.s.ServletContextHandler@714988ec{/,null,STARTING} has uncovered http methods for path: /
INFO   | jvm 1    | 2023/12/09 22:42:35 |  INFO | Listening for connections at ws://LEGION-JULIEN:61614?maximumConnections=1000&wireFormat.maxFrameSize=104857600
INFO   | jvm 1    | 2023/12/09 22:42:35 |  INFO | Connector ws started
INFO   | jvm 1    | 2023/12/09 22:42:35 |  INFO | Apache ActiveMQ 5.17.0 (localhost, ID:LEGION-JULIEN-24513-1702158154633-0:1) started
INFO   | jvm 1    | 2023/12/09 22:42:35 |  INFO | For help or more information please see: http://activemq.apache.org
INFO   | jvm 1    | 2023/12/09 22:42:35 |  INFO | ActiveMQ WebConsole available at http://127.0.0.1:8161/
INFO   | jvm 1    | 2023/12/09 22:42:35 |  INFO | ActiveMQ Jolokia REST API available at http://127.0.0.1:8161/api/jolokia/
STATUS | wrapper  | 2023/12/09 22:43:05 | CTRL-C trapped.  Shutting down.
INFO   | jvm 1    | 2023/12/09 22:43:06 |  INFO | Apache ActiveMQ 5.17.0 (localhost, ID:LEGION-JULIEN-24513-1702158154633-0:1) is shutting down
INFO   | jvm 1    | 2023/12/09 22:43:06 |  INFO | Connector openwire stopped
INFO   | jvm 1    | 2023/12/09 22:43:06 |  INFO | Connector amqp stopped
INFO   | jvm 1    | 2023/12/09 22:43:06 |  INFO | Connector stomp stopped
INFO   | jvm 1    | 2023/12/09 22:43:06 |  INFO | Connector mqtt stopped
INFO   | jvm 1    | 2023/12/09 22:43:06 |  INFO | Connector ws stopped
INFO   | jvm 1    | 2023/12/09 22:43:06 |  INFO | PListStore:[C:\Users\Julien\Documents\POLYTECH\COURS\S7\MIDDLEWARE\LetsGo_Biking\apache-activemq-5.17.0\bin\win64\..\..\data\localhost\tmp_storage] stopped
INFO   | jvm 1    | 2023/12/09 22:43:06 |  INFO | Stopping async queue tasks
INFO   | jvm 1    | 2023/12/09 22:43:06 |  INFO | Stopping async topic tasks
INFO   | jvm 1    | 2023/12/09 22:43:06 |  INFO | Stopped KahaDB
INFO   | jvm 1    | 2023/12/09 22:43:06 |  INFO | Apache ActiveMQ 5.17.0 (localhost, ID:LEGION-JULIEN-24513-1702158154633-0:1) uptime 31.963 seconds
INFO   | jvm 1    | 2023/12/09 22:43:06 |  INFO | Apache ActiveMQ 5.17.0 (localhost, ID:LEGION-JULIEN-24513-1702158154633-0:1) is shutdown
STATUS | wrapper  | 2023/12/09 22:43:06 | <-- Wrapper Stopped
STATUS | wrapper  | 2023/12/09 22:45:46 | --> Wrapper Started as Console
STATUS | wrapper  | 2023/12/09 22:45:46 | Launching a JVM...
INFO   | jvm 1    | 2023/12/09 22:45:47 | Wrapper (Version 3.2.3) http://wrapper.tanukisoftware.org
INFO   | jvm 1    | 2023/12/09 22:45:47 |   Copyright 1999-2006 Tanuki Software, Inc.  All Rights Reserved.
INFO   | jvm 1    | 2023/12/09 22:45:47 | 
INFO   | jvm 1    | 2023/12/09 22:45:47 | Java Runtime: Amazon.com Inc. 17.0.8.1 C:\Users\Julien\.jdks\corretto-17.0.8.1
INFO   | jvm 1    | 2023/12/09 22:45:47 |   Heap sizes: current=1048576k  free=1037312k  max=1048576k
INFO   | jvm 1    | 2023/12/09 22:45:47 |     JVM args: -Dactivemq.home=../.. -Dactivemq.base=../.. -Djavax.net.ssl.keyStorePassword=password -Djavax.net.ssl.trustStorePassword=password -Djavax.net.ssl.keyStore=../../conf/broker.ks -Djavax.net.ssl.trustStore=../../conf/broker.ts -Dcom.sun.management.jmxremote -Dorg.apache.activemq.UseDedicatedTaskRunner=false -Djava.util.logging.config.file=logging.properties -Dactivemq.conf=../../conf -Dactivemq.data=../../data -Djava.security.auth.login.config=../../conf/login.config -Xms1024m -Xmx1024m -Djava.library.path=../../bin/win64 -Dwrapper.key=u5uHcFSzBjVZmcTc -Dwrapper.port=32000 -Dwrapper.jvm.port.min=31000 -Dwrapper.jvm.port.max=31999 -Dwrapper.pid=42660 -Dwrapper.version=3.2.3 -Dwrapper.native_library=wrapper -Dwrapper.cpu.timeout=10 -Dwrapper.jvmid=1
INFO   | jvm 1    | 2023/12/09 22:45:47 | Extensions classpath:
INFO   | jvm 1    | 2023/12/09 22:45:47 |   [..\..\lib,..\..\lib\camel,..\..\lib\optional,..\..\lib\web,..\..\lib\extra]
INFO   | jvm 1    | 2023/12/09 22:45:47 | ACTIVEMQ_HOME: ..\..
INFO   | jvm 1    | 2023/12/09 22:45:47 | ACTIVEMQ_BASE: ..\..
INFO   | jvm 1    | 2023/12/09 22:45:47 | ACTIVEMQ_CONF: ..\..\conf
INFO   | jvm 1    | 2023/12/09 22:45:47 | ACTIVEMQ_DATA: ..\..\data
INFO   | jvm 1    | 2023/12/09 22:45:47 | Loading message broker from: xbean:activemq.xml
INFO   | jvm 1    | 2023/12/09 22:45:48 |  INFO | Using Persistence Adapter: KahaDBPersistenceAdapter[C:\Users\Julien\Documents\POLYTECH\COURS\S7\MIDDLEWARE\LetsGo_Biking\apache-activemq-5.17.0\bin\win64\..\..\data\kahadb]
INFO   | jvm 1    | 2023/12/09 22:45:48 |  INFO | KahaDB is version 7
INFO   | jvm 1    | 2023/12/09 22:45:48 |  INFO | PListStore:[C:\Users\Julien\Documents\POLYTECH\COURS\S7\MIDDLEWARE\LetsGo_Biking\apache-activemq-5.17.0\bin\win64\..\..\data\localhost\tmp_storage] started
INFO   | jvm 1    | 2023/12/09 22:45:48 |  INFO | Apache ActiveMQ 5.17.0 (localhost, ID:LEGION-JULIEN-24556-1702158348370-0:1) is starting
INFO   | jvm 1    | 2023/12/09 22:45:48 |  INFO | Listening for connections at: tcp://LEGION-JULIEN:61616?maximumConnections=1000&wireFormat.maxFrameSize=104857600
INFO   | jvm 1    | 2023/12/09 22:45:48 |  INFO | Connector openwire started
INFO   | jvm 1    | 2023/12/09 22:45:48 |  INFO | Listening for connections at: amqp://LEGION-JULIEN:5672?maximumConnections=1000&wireFormat.maxFrameSize=104857600
INFO   | jvm 1    | 2023/12/09 22:45:48 |  INFO | Connector amqp started
INFO   | jvm 1    | 2023/12/09 22:45:48 |  INFO | Listening for connections at: stomp://LEGION-JULIEN:61613?maximumConnections=1000&wireFormat.maxFrameSize=104857600
INFO   | jvm 1    | 2023/12/09 22:45:48 |  INFO | Connector stomp started
INFO   | jvm 1    | 2023/12/09 22:45:48 |  INFO | Listening for connections at: mqtt://LEGION-JULIEN:1883?maximumConnections=1000&wireFormat.maxFrameSize=104857600
INFO   | jvm 1    | 2023/12/09 22:45:48 |  INFO | Connector mqtt started
INFO   | jvm 1    | 2023/12/09 22:45:48 |  INFO | Starting Jetty server
INFO   | jvm 1    | 2023/12/09 22:45:48 |  INFO | Creating Jetty connector
INFO   | jvm 1    | 2023/12/09 22:45:48 |  WARN | ServletContext@o.e.j.s.ServletContextHandler@2b013e5{/,null,STARTING} has uncovered http methods for path: /
INFO   | jvm 1    | 2023/12/09 22:45:48 |  INFO | Listening for connections at ws://LEGION-JULIEN:61614?maximumConnections=1000&wireFormat.maxFrameSize=104857600
INFO   | jvm 1    | 2023/12/09 22:45:48 |  INFO | Connector ws started
INFO   | jvm 1    | 2023/12/09 22:45:48 |  INFO | Apache ActiveMQ 5.17.0 (localhost, ID:LEGION-JULIEN-24556-1702158348370-0:1) started
INFO   | jvm 1    | 2023/12/09 22:45:48 |  INFO | For help or more information please see: http://activemq.apache.org
INFO   | jvm 1    | 2023/12/09 22:45:49 |  INFO | ActiveMQ WebConsole available at http://127.0.0.1:8161/
INFO   | jvm 1    | 2023/12/09 22:45:49 |  INFO | ActiveMQ Jolokia REST API available at http://127.0.0.1:8161/api/jolokia/
STATUS | wrapper  | 2023/12/09 22:46:16 | CTRL-C trapped.  Shutting down.
INFO   | jvm 1    | 2023/12/09 22:46:17 |  INFO | Apache ActiveMQ 5.17.0 (localhost, ID:LEGION-JULIEN-24556-1702158348370-0:1) is shutting down
INFO   | jvm 1    | 2023/12/09 22:46:17 |  INFO | Connector openwire stopped
INFO   | jvm 1    | 2023/12/09 22:46:17 |  INFO | Connector amqp stopped
INFO   | jvm 1    | 2023/12/09 22:46:17 |  INFO | Connector stomp stopped
INFO   | jvm 1    | 2023/12/09 22:46:17 |  INFO | Connector mqtt stopped
INFO   | jvm 1    | 2023/12/09 22:46:17 |  INFO | Connector ws stopped
INFO   | jvm 1    | 2023/12/09 22:46:17 |  INFO | PListStore:[C:\Users\Julien\Documents\POLYTECH\COURS\S7\MIDDLEWARE\LetsGo_Biking\apache-activemq-5.17.0\bin\win64\..\..\data\localhost\tmp_storage] stopped
INFO   | jvm 1    | 2023/12/09 22:46:17 |  INFO | Stopping async queue tasks
INFO   | jvm 1    | 2023/12/09 22:46:17 |  INFO | Stopping async topic tasks
INFO   | jvm 1    | 2023/12/09 22:46:17 |  INFO | Stopped KahaDB
INFO   | jvm 1    | 2023/12/09 22:46:17 |  INFO | Apache ActiveMQ 5.17.0 (localhost, ID:LEGION-JULIEN-24556-1702158348370-0:1) uptime 29.071 seconds
INFO   | jvm 1    | 2023/12/09 22:46:17 |  INFO | Apache ActiveMQ 5.17.0 (localhost, ID:LEGION-JULIEN-24556-1702158348370-0:1) is shutdown
STATUS | wrapper  | 2023/12/09 22:46:17 | <-- Wrapper Stopped
STATUS | wrapper  | 2023/12/09 22:46:43 | --> Wrapper Started as Console
STATUS | wrapper  | 2023/12/09 22:46:43 | Launching a JVM...
INFO   | jvm 1    | 2023/12/09 22:46:43 | Wrapper (Version 3.2.3) http://wrapper.tanukisoftware.org
INFO   | jvm 1    | 2023/12/09 22:46:43 |   Copyright 1999-2006 Tanuki Software, Inc.  All Rights Reserved.
INFO   | jvm 1    | 2023/12/09 22:46:43 | 
INFO   | jvm 1    | 2023/12/09 22:46:44 | Java Runtime: Amazon.com Inc. 17.0.8.1 C:\Users\Julien\.jdks\corretto-17.0.8.1
INFO   | jvm 1    | 2023/12/09 22:46:44 |   Heap sizes: current=1048576k  free=1037312k  max=1048576k
INFO   | jvm 1    | 2023/12/09 22:46:44 |     JVM args: -Dactivemq.home=../.. -Dactivemq.base=../.. -Djavax.net.ssl.keyStorePassword=password -Djavax.net.ssl.trustStorePassword=password -Djavax.net.ssl.keyStore=../../conf/broker.ks -Djavax.net.ssl.trustStore=../../conf/broker.ts -Dcom.sun.management.jmxremote -Dorg.apache.activemq.UseDedicatedTaskRunner=false -Djava.util.logging.config.file=logging.properties -Dactivemq.conf=../../conf -Dactivemq.data=../../data -Djava.security.auth.login.config=../../conf/login.config -Xms1024m -Xmx1024m -Djava.library.path=../../bin/win64 -Dwrapper.key=88GC3A_M_xZDKF5Z -Dwrapper.port=32000 -Dwrapper.jvm.port.min=31000 -Dwrapper.jvm.port.max=31999 -Dwrapper.pid=25776 -Dwrapper.version=3.2.3 -Dwrapper.native_library=wrapper -Dwrapper.cpu.timeout=10 -Dwrapper.jvmid=1
INFO   | jvm 1    | 2023/12/09 22:46:44 | Extensions classpath:
INFO   | jvm 1    | 2023/12/09 22:46:44 |   [..\..\lib,..\..\lib\camel,..\..\lib\optional,..\..\lib\web,..\..\lib\extra]
INFO   | jvm 1    | 2023/12/09 22:46:44 | ACTIVEMQ_HOME: ..\..
INFO   | jvm 1    | 2023/12/09 22:46:44 | ACTIVEMQ_BASE: ..\..
INFO   | jvm 1    | 2023/12/09 22:46:44 | ACTIVEMQ_CONF: ..\..\conf
INFO   | jvm 1    | 2023/12/09 22:46:44 | ACTIVEMQ_DATA: ..\..\data
INFO   | jvm 1    | 2023/12/09 22:46:44 | Loading message broker from: xbean:activemq.xml
INFO   | jvm 1    | 2023/12/09 22:46:45 |  INFO | Using Persistence Adapter: KahaDBPersistenceAdapter[C:\Users\Julien\Documents\POLYTECH\COURS\S7\MIDDLEWARE\LetsGo_Biking\apache-activemq-5.17.0\bin\win64\..\..\data\kahadb]
INFO   | jvm 1    | 2023/12/09 22:46:45 |  INFO | KahaDB is version 7
INFO   | jvm 1    | 2023/12/09 22:46:45 |  INFO | PListStore:[C:\Users\Julien\Documents\POLYTECH\COURS\S7\MIDDLEWARE\LetsGo_Biking\apache-activemq-5.17.0\bin\win64\..\..\data\localhost\tmp_storage] started
INFO   | jvm 1    | 2023/12/09 22:46:45 |  INFO | Apache ActiveMQ 5.17.0 (localhost, ID:LEGION-JULIEN-24581-1702158405271-0:1) is starting
INFO   | jvm 1    | 2023/12/09 22:46:45 |  INFO | Listening for connections at: tcp://LEGION-JULIEN:61616?maximumConnections=1000&wireFormat.maxFrameSize=104857600
INFO   | jvm 1    | 2023/12/09 22:46:45 |  INFO | Connector openwire started
INFO   | jvm 1    | 2023/12/09 22:46:45 |  INFO | Listening for connections at: amqp://LEGION-JULIEN:5672?maximumConnections=1000&wireFormat.maxFrameSize=104857600
INFO   | jvm 1    | 2023/12/09 22:46:45 |  INFO | Connector amqp started
INFO   | jvm 1    | 2023/12/09 22:46:45 |  INFO | Listening for connections at: stomp://LEGION-JULIEN:61613?maximumConnections=1000&wireFormat.maxFrameSize=104857600
INFO   | jvm 1    | 2023/12/09 22:46:45 |  INFO | Connector stomp started
INFO   | jvm 1    | 2023/12/09 22:46:45 |  INFO | Listening for connections at: mqtt://LEGION-JULIEN:1883?maximumConnections=1000&wireFormat.maxFrameSize=104857600
INFO   | jvm 1    | 2023/12/09 22:46:45 |  INFO | Connector mqtt started
INFO   | jvm 1    | 2023/12/09 22:46:45 |  INFO | Starting Jetty server
INFO   | jvm 1    | 2023/12/09 22:46:45 |  INFO | Creating Jetty connector
INFO   | jvm 1    | 2023/12/09 22:46:45 |  WARN | ServletContext@o.e.j.s.ServletContextHandler@7679b0fc{/,null,STARTING} has uncovered http methods for path: /
INFO   | jvm 1    | 2023/12/09 22:46:45 |  INFO | Listening for connections at ws://LEGION-JULIEN:61614?maximumConnections=1000&wireFormat.maxFrameSize=104857600
INFO   | jvm 1    | 2023/12/09 22:46:45 |  INFO | Connector ws started
INFO   | jvm 1    | 2023/12/09 22:46:45 |  INFO | Apache ActiveMQ 5.17.0 (localhost, ID:LEGION-JULIEN-24581-1702158405271-0:1) started
INFO   | jvm 1    | 2023/12/09 22:46:45 |  INFO | For help or more information please see: http://activemq.apache.org
INFO   | jvm 1    | 2023/12/09 22:46:46 |  INFO | ActiveMQ WebConsole available at http://127.0.0.1:8161/
INFO   | jvm 1    | 2023/12/09 22:46:46 |  INFO | ActiveMQ Jolokia REST API available at http://127.0.0.1:8161/api/jolokia/
STATUS | wrapper  | 2023/12/09 22:47:15 | CTRL-C trapped.  Shutting down.
INFO   | jvm 1    | 2023/12/09 22:47:17 |  INFO | Apache ActiveMQ 5.17.0 (localhost, ID:LEGION-JULIEN-24581-1702158405271-0:1) is shutting down
INFO   | jvm 1    | 2023/12/09 22:47:17 |  INFO | Connector openwire stopped
INFO   | jvm 1    | 2023/12/09 22:47:17 |  INFO | Connector amqp stopped
INFO   | jvm 1    | 2023/12/09 22:47:17 |  INFO | Connector stomp stopped
INFO   | jvm 1    | 2023/12/09 22:47:17 |  INFO | Connector mqtt stopped
INFO   | jvm 1    | 2023/12/09 22:47:17 |  INFO | Connector ws stopped
INFO   | jvm 1    | 2023/12/09 22:47:17 |  INFO | PListStore:[C:\Users\Julien\Documents\POLYTECH\COURS\S7\MIDDLEWARE\LetsGo_Biking\apache-activemq-5.17.0\bin\win64\..\..\data\localhost\tmp_storage] stopped
INFO   | jvm 1    | 2023/12/09 22:47:17 |  INFO | Stopping async queue tasks
INFO   | jvm 1    | 2023/12/09 22:47:17 |  INFO | Stopping async topic tasks
INFO   | jvm 1    | 2023/12/09 22:47:17 |  INFO | Stopped KahaDB
INFO   | jvm 1    | 2023/12/09 22:47:17 |  INFO | Apache ActiveMQ 5.17.0 (localhost, ID:LEGION-JULIEN-24581-1702158405271-0:1) uptime 32.300 seconds
INFO   | jvm 1    | 2023/12/09 22:47:17 |  INFO | Apache ActiveMQ 5.17.0 (localhost, ID:LEGION-JULIEN-24581-1702158405271-0:1) is shutdown
STATUS | wrapper  | 2023/12/09 22:47:17 | <-- Wrapper Stopped
STATUS | wrapper  | 2023/12/09 23:53:03 | --> Wrapper Started as Console
STATUS | wrapper  | 2023/12/09 23:53:04 | Launching a JVM...
INFO   | jvm 1    | 2023/12/09 23:53:04 | Wrapper (Version 3.2.3) http://wrapper.tanukisoftware.org
INFO   | jvm 1    | 2023/12/09 23:53:04 |   Copyright 1999-2006 Tanuki Software, Inc.  All Rights Reserved.
INFO   | jvm 1    | 2023/12/09 23:53:04 | 
INFO   | jvm 1    | 2023/12/09 23:53:04 | Java Runtime: Amazon.com Inc. 17.0.8.1 C:\Users\Julien\.jdks\corretto-17.0.8.1
INFO   | jvm 1    | 2023/12/09 23:53:04 |   Heap sizes: current=1048576k  free=1037312k  max=1048576k
INFO   | jvm 1    | 2023/12/09 23:53:04 |     JVM args: -Dactivemq.home=../.. -Dactivemq.base=../.. -Djavax.net.ssl.keyStorePassword=password -Djavax.net.ssl.trustStorePassword=password -Djavax.net.ssl.keyStore=../../conf/broker.ks -Djavax.net.ssl.trustStore=../../conf/broker.ts -Dcom.sun.management.jmxremote -Dorg.apache.activemq.UseDedicatedTaskRunner=false -Djava.util.logging.config.file=logging.properties -Dactivemq.conf=../../conf -Dactivemq.data=../../data -Djava.security.auth.login.config=../../conf/login.config -Xms1024m -Xmx1024m -Djava.library.path=../../bin/win64 -Dwrapper.key=gD5EWn9Z74LhOfGT -Dwrapper.port=32000 -Dwrapper.jvm.port.min=31000 -Dwrapper.jvm.port.max=31999 -Dwrapper.pid=23992 -Dwrapper.version=3.2.3 -Dwrapper.native_library=wrapper -Dwrapper.cpu.timeout=10 -Dwrapper.jvmid=1
INFO   | jvm 1    | 2023/12/09 23:53:04 | Extensions classpath:
INFO   | jvm 1    | 2023/12/09 23:53:04 |   [..\..\lib,..\..\lib\camel,..\..\lib\optional,..\..\lib\web,..\..\lib\extra]
INFO   | jvm 1    | 2023/12/09 23:53:04 | ACTIVEMQ_HOME: ..\..
INFO   | jvm 1    | 2023/12/09 23:53:04 | ACTIVEMQ_BASE: ..\..
INFO   | jvm 1    | 2023/12/09 23:53:04 | ACTIVEMQ_CONF: ..\..\conf
INFO   | jvm 1    | 2023/12/09 23:53:04 | ACTIVEMQ_DATA: ..\..\data
INFO   | jvm 1    | 2023/12/09 23:53:05 | Loading message broker from: xbean:activemq.xml
INFO   | jvm 1    | 2023/12/09 23:53:05 |  INFO | Using Persistence Adapter: KahaDBPersistenceAdapter[C:\Users\Julien\Documents\POLYTECH\COURS\S7\MIDDLEWARE\LetsGo_Biking\apache-activemq-5.17.0\bin\win64\..\..\data\kahadb]
INFO   | jvm 1    | 2023/12/09 23:53:05 |  INFO | KahaDB is version 7
INFO   | jvm 1    | 2023/12/09 23:53:05 |  INFO | PListStore:[C:\Users\Julien\Documents\POLYTECH\COURS\S7\MIDDLEWARE\LetsGo_Biking\apache-activemq-5.17.0\bin\win64\..\..\data\localhost\tmp_storage] started
INFO   | jvm 1    | 2023/12/09 23:53:06 |  INFO | Apache ActiveMQ 5.17.0 (localhost, ID:LEGION-JULIEN-25137-1702162385840-0:1) is starting
INFO   | jvm 1    | 2023/12/09 23:53:06 |  INFO | Listening for connections at: tcp://LEGION-JULIEN:61616?maximumConnections=1000&wireFormat.maxFrameSize=104857600
INFO   | jvm 1    | 2023/12/09 23:53:06 |  INFO | Connector openwire started
INFO   | jvm 1    | 2023/12/09 23:53:06 |  INFO | Listening for connections at: amqp://LEGION-JULIEN:5672?maximumConnections=1000&wireFormat.maxFrameSize=104857600
INFO   | jvm 1    | 2023/12/09 23:53:06 |  INFO | Connector amqp started
INFO   | jvm 1    | 2023/12/09 23:53:06 |  INFO | Listening for connections at: stomp://LEGION-JULIEN:61613?maximumConnections=1000&wireFormat.maxFrameSize=104857600
INFO   | jvm 1    | 2023/12/09 23:53:06 |  INFO | Connector stomp started
INFO   | jvm 1    | 2023/12/09 23:53:06 |  INFO | Listening for connections at: mqtt://LEGION-JULIEN:1883?maximumConnections=1000&wireFormat.maxFrameSize=104857600
INFO   | jvm 1    | 2023/12/09 23:53:06 |  INFO | Connector mqtt started
INFO   | jvm 1    | 2023/12/09 23:53:06 |  INFO | Starting Jetty server
INFO   | jvm 1    | 2023/12/09 23:53:06 |  INFO | Creating Jetty connector
INFO   | jvm 1    | 2023/12/09 23:53:06 |  WARN | ServletContext@o.e.j.s.ServletContextHandler@6cb1d2c8{/,null,STARTING} has uncovered http methods for path: /
INFO   | jvm 1    | 2023/12/09 23:53:06 |  INFO | Listening for connections at ws://LEGION-JULIEN:61614?maximumConnections=1000&wireFormat.maxFrameSize=104857600
INFO   | jvm 1    | 2023/12/09 23:53:06 |  INFO | Connector ws started
INFO   | jvm 1    | 2023/12/09 23:53:06 |  INFO | Apache ActiveMQ 5.17.0 (localhost, ID:LEGION-JULIEN-25137-1702162385840-0:1) started
INFO   | jvm 1    | 2023/12/09 23:53:06 |  INFO | For help or more information please see: http://activemq.apache.org
INFO   | jvm 1    | 2023/12/09 23:53:06 |  INFO | ActiveMQ WebConsole available at http://127.0.0.1:8161/
INFO   | jvm 1    | 2023/12/09 23:53:06 |  INFO | ActiveMQ Jolokia REST API available at http://127.0.0.1:8161/api/jolokia/
STATUS | wrapper  | 2023/12/10 13:00:48 | --> Wrapper Started as Console
STATUS | wrapper  | 2023/12/10 13:00:49 | Launching a JVM...
INFO   | jvm 1    | 2023/12/10 13:00:49 | Wrapper (Version 3.2.3) http://wrapper.tanukisoftware.org
INFO   | jvm 1    | 2023/12/10 13:00:49 |   Copyright 1999-2006 Tanuki Software, Inc.  All Rights Reserved.
INFO   | jvm 1    | 2023/12/10 13:00:49 | 
INFO   | jvm 1    | 2023/12/10 13:00:49 | Java Runtime: Amazon.com Inc. 17.0.8.1 C:\Users\Julien\.jdks\corretto-17.0.8.1
INFO   | jvm 1    | 2023/12/10 13:00:49 |   Heap sizes: current=1048576k  free=1037312k  max=1048576k
INFO   | jvm 1    | 2023/12/10 13:00:49 |     JVM args: -Dactivemq.home=../.. -Dactivemq.base=../.. -Djavax.net.ssl.keyStorePassword=password -Djavax.net.ssl.trustStorePassword=password -Djavax.net.ssl.keyStore=../../conf/broker.ks -Djavax.net.ssl.trustStore=../../conf/broker.ts -Dcom.sun.management.jmxremote -Dorg.apache.activemq.UseDedicatedTaskRunner=false -Djava.util.logging.config.file=logging.properties -Dactivemq.conf=../../conf -Dactivemq.data=../../data -Djava.security.auth.login.config=../../conf/login.config -Xms1024m -Xmx1024m -Djava.library.path=../../bin/win64 -Dwrapper.key=UpKXOhKVEpv1MXhO -Dwrapper.port=32000 -Dwrapper.jvm.port.min=31000 -Dwrapper.jvm.port.max=31999 -Dwrapper.pid=33780 -Dwrapper.version=3.2.3 -Dwrapper.native_library=wrapper -Dwrapper.cpu.timeout=10 -Dwrapper.jvmid=1
INFO   | jvm 1    | 2023/12/10 13:00:49 | Extensions classpath:
INFO   | jvm 1    | 2023/12/10 13:00:49 |   [..\..\lib,..\..\lib\camel,..\..\lib\optional,..\..\lib\web,..\..\lib\extra]
INFO   | jvm 1    | 2023/12/10 13:00:49 | ACTIVEMQ_HOME: ..\..
INFO   | jvm 1    | 2023/12/10 13:00:49 | ACTIVEMQ_BASE: ..\..
INFO   | jvm 1    | 2023/12/10 13:00:49 | ACTIVEMQ_CONF: ..\..\conf
INFO   | jvm 1    | 2023/12/10 13:00:49 | ACTIVEMQ_DATA: ..\..\data
INFO   | jvm 1    | 2023/12/10 13:00:53 | Loading message broker from: xbean:activemq.xml
INFO   | jvm 1    | 2023/12/10 13:00:53 |  INFO | Using Persistence Adapter: KahaDBPersistenceAdapter[C:\Users\Julien\Documents\POLYTECH\COURS\S7\MIDDLEWARE\LetsGo_Biking\apache-activemq-5.17.0\bin\win64\..\..\data\kahadb]
INFO   | jvm 1    | 2023/12/10 13:00:54 |  INFO | Page File: ..\..\data\kahadb\db.data. Recovering pageFile free list due to prior unclean shutdown..
INFO   | jvm 1    | 2023/12/10 13:00:54 |  INFO | KahaDB is version 7
INFO   | jvm 1    | 2023/12/10 13:00:54 |  INFO | Recovering from the journal @1:12167
INFO   | jvm 1    | 2023/12/10 13:00:54 |  INFO | Page File: ..\..\data\kahadb\db.data. Recovered pageFile free list of size: 308
INFO   | jvm 1    | 2023/12/10 13:00:54 |  INFO | Recovery replayed 16 operations from the journal in 0.028 seconds.
INFO   | jvm 1    | 2023/12/10 13:00:54 |  INFO | PListStore:[C:\Users\Julien\Documents\POLYTECH\COURS\S7\MIDDLEWARE\LetsGo_Biking\apache-activemq-5.17.0\bin\win64\..\..\data\localhost\tmp_storage] started
INFO   | jvm 1    | 2023/12/10 13:00:54 |  INFO | Apache ActiveMQ 5.17.0 (localhost, ID:LEGION-JULIEN-21097-1702209654173-0:1) is starting
INFO   | jvm 1    | 2023/12/10 13:00:54 |  INFO | Listening for connections at: tcp://LEGION-JULIEN:61616?maximumConnections=1000&wireFormat.maxFrameSize=104857600
INFO   | jvm 1    | 2023/12/10 13:00:54 |  INFO | Connector openwire started
INFO   | jvm 1    | 2023/12/10 13:00:54 |  INFO | Listening for connections at: amqp://LEGION-JULIEN:5672?maximumConnections=1000&wireFormat.maxFrameSize=104857600
INFO   | jvm 1    | 2023/12/10 13:00:54 |  INFO | Connector amqp started
INFO   | jvm 1    | 2023/12/10 13:00:54 |  INFO | Listening for connections at: stomp://LEGION-JULIEN:61613?maximumConnections=1000&wireFormat.maxFrameSize=104857600
INFO   | jvm 1    | 2023/12/10 13:00:54 |  INFO | Connector stomp started
INFO   | jvm 1    | 2023/12/10 13:00:54 |  INFO | Listening for connections at: mqtt://LEGION-JULIEN:1883?maximumConnections=1000&wireFormat.maxFrameSize=104857600
INFO   | jvm 1    | 2023/12/10 13:00:54 |  INFO | Connector mqtt started
INFO   | jvm 1    | 2023/12/10 13:00:54 |  INFO | Starting Jetty server
INFO   | jvm 1    | 2023/12/10 13:00:54 |  INFO | Creating Jetty connector
INFO   | jvm 1    | 2023/12/10 13:00:54 |  WARN | ServletContext@o.e.j.s.ServletContextHandler@4fa6cb06{/,null,STARTING} has uncovered http methods for path: /
INFO   | jvm 1    | 2023/12/10 13:00:54 |  INFO | Listening for connections at ws://LEGION-JULIEN:61614?maximumConnections=1000&wireFormat.maxFrameSize=104857600
INFO   | jvm 1    | 2023/12/10 13:00:54 |  INFO | Connector ws started
INFO   | jvm 1    | 2023/12/10 13:00:54 |  INFO | Apache ActiveMQ 5.17.0 (localhost, ID:LEGION-JULIEN-21097-1702209654173-0:1) started
INFO   | jvm 1    | 2023/12/10 13:00:54 |  INFO | For help or more information please see: http://activemq.apache.org
INFO   | jvm 1    | 2023/12/10 13:00:55 |  INFO | ActiveMQ WebConsole available at http://127.0.0.1:8161/
INFO   | jvm 1    | 2023/12/10 13:00:55 |  INFO | ActiveMQ Jolokia REST API available at http://127.0.0.1:8161/api/jolokia/
